#
# A fatal error has been detected by the Java Runtime Environment:
#
#  EXCEPTION_ACCESS_VIOLATION (0xc0000005) at pc=0x74c55a2c, pid=704, tid=4364
#
# JRE version: 6.0_24-b07
# Java VM: Java HotSpot(TM) Client VM (19.1-b02 mixed mode, sharing windows-x86 )
# Problematic frame:
# C  [d3d9.dll+0x25a2c]
#
# If you would like to submit a bug report, please visit:
#   http://java.sun.com/webapps/bugreport/crash.jsp
# The crash happened outside the Java Virtual Machine in native code.
# See problematic frame for where to report the bug.
#

---------------  T H R E A D  ---------------

Current thread (0x02275000):  JavaThread "AWT-Windows" daemon [_thread_in_native, id=4364, stack(0x049f0000,0x04a40000)]

siginfo: ExceptionCode=0xc0000005, reading address 0x00000018

Registers:
EAX=0xffffffff, EBX=0x00000010, ECX=0x00000010, EDX=0x06780000
ESP=0x04a3fa00, EBP=0x04a3fa10, ESI=0x00000003, EDI=0x0632ee84
EIP=0x74c55a2c, EFLAGS=0x00010212

Register to memory mapping:

EAX=0xffffffff
0xffffffff is pointing to unknown location

EBX=0x00000010
0x00000010 is pointing to unknown location

ECX=0x00000010
0x00000010 is pointing to unknown location

EDX=0x06780000
0x06780000 is pointing to unknown location

ESP=0x04a3fa00
0x04a3fa00 is pointing into the stack for thread: 0x02275000
"AWT-Windows" daemon prio=6 tid=0x02275000 nid=0x110c runnable [0x04a3f000]
   java.lang.Thread.State: RUNNABLE

EBP=0x04a3fa10
0x04a3fa10 is pointing into the stack for thread: 0x02275000
"AWT-Windows" daemon prio=6 tid=0x02275000 nid=0x110c runnable [0x04a3f000]
   java.lang.Thread.State: RUNNABLE

ESI=0x00000003
0x00000003 is pointing to unknown location

EDI=0x0632ee84
0x0632ee84 is pointing to unknown location


Top of Stack: (sp=0x04a3fa00)
0x04a3fa00:   195143e0 195c9bf0 04a3fa1c 00000010
0x04a3fa10:   04a3fa2c 74c55ca0 195143e0 195bb6e0
0x04a3fa20:   00000001 06780000 00000000 04a3fa3c
0x04a3fa30:   74c55c77 195143e0 1954fec0 04a3fa60
0x04a3fa40:   74c55c2e 195143e0 195bb6ec 195bb6e0
0x04a3fa50:   00000001 062d6fd8 195acb40 74dcbc21
0x04a3fa60:   04a3fa6c 74c53bbe 195bb6e8 04a3fa8c
0x04a3fa70:   74c3812a 00000001 195bb6e0 062da1e4 

Instructions: (pc=0x74c55a2c)
0x74c55a1c:   90 8b ff 55 8b ec 83 ec 0c 53 89 4d fc 8b 5d fc
0x74c55a2c:   8b 53 08 c1 e2 1f 8b 03 8b c8 d1 e8 0b d0 89 55 


Stack: [0x049f0000,0x04a40000],  sp=0x04a3fa00,  free space=318k
Native frames: (J=compiled Java code, j=interpreted, Vv=VM code, C=native code)
C  [d3d9.dll+0x25a2c]
C  [d3d9.dll+0x25ca0]
C  [d3d9.dll+0x25c77]
C  [d3d9.dll+0x25c2e]
C  [d3d9.dll+0x23bbe]
C  [d3d9.dll+0x812a]

Java frames: (J=compiled Java code, j=interpreted, Vv=VM code)
j  sun.awt.windows.WToolkit.eventLoop()V+0
j  sun.awt.windows.WToolkit.run()V+52
j  java.lang.Thread.run()V+11
v  ~StubRoutines::call_stub

---------------  P R O C E S S  ---------------

Java Threads: ( => current thread )
  0x0ab40800 JavaThread "Thread-1" daemon [_thread_in_native, id=4492, stack(0x47700000,0x47750000)]
  0x088d1c00 JavaThread "Thread-38" [_thread_blocked, id=3032, stack(0x474c0000,0x47510000)]
  0x088d1800 JavaThread "J3D-InputDeviceScheduler-33" [_thread_blocked, id=1116, stack(0x47430000,0x47480000)]
  0x088d1000 JavaThread "J3D-SoundSchedulerUpdateThread-33" [_thread_blocked, id=4704, stack(0x473a0000,0x473f0000)]
  0x088d0c00 JavaThread "J3D-RenderStructureUpdateThread-33" [_thread_blocked, id=4708, stack(0x47310000,0x47360000)]
  0x088d0400 JavaThread "J3D-BehaviorScheduler-33" [_thread_blocked, id=4168, stack(0x47280000,0x472d0000)]
  0x088d0000 JavaThread "J3D-TransformStructureUpdateThread-33" [_thread_blocked, id=4200, stack(0x471f0000,0x47240000)]
  0x088cf800 JavaThread "J3D-RenderingEnvironmentStructureUpdateThread-33" [_thread_blocked, id=2436, stack(0x47160000,0x471b0000)]
  0x088cf400 JavaThread "J3D-SoundStructureUpdateThread-33" [_thread_blocked, id=3356, stack(0x460d0000,0x46120000)]
  0x088cec00 JavaThread "J3D-GeometryStructureUpdateThread-33" [_thread_blocked, id=2428, stack(0x46040000,0x46090000)]
  0x088ce800 JavaThread "J3D-BehaviorStructureUpdateThread-33" [_thread_blocked, id=2328, stack(0x45500000,0x45550000)]
  0x088ce000 JavaThread "J3D-InputDeviceScheduler-32" [_thread_blocked, id=2736, stack(0x45470000,0x454c0000)]
  0x088cdc00 JavaThread "J3D-SoundSchedulerUpdateThread-32" [_thread_blocked, id=3732, stack(0x453e0000,0x45430000)]
  0x088cd400 JavaThread "J3D-RenderStructureUpdateThread-32" [_thread_blocked, id=4472, stack(0x45350000,0x453a0000)]
  0x088cd000 JavaThread "J3D-BehaviorScheduler-32" [_thread_blocked, id=1416, stack(0x452c0000,0x45310000)]
  0x088cc800 JavaThread "J3D-TransformStructureUpdateThread-32" [_thread_blocked, id=4964, stack(0x45230000,0x45280000)]
  0x088cc400 JavaThread "J3D-RenderingEnvironmentStructureUpdateThread-32" [_thread_blocked, id=4948, stack(0x451a0000,0x451f0000)]
  0x088cbc00 JavaThread "J3D-SoundStructureUpdateThread-32" [_thread_blocked, id=1968, stack(0x45110000,0x45160000)]
  0x088cb800 JavaThread "J3D-GeometryStructureUpdateThread-32" [_thread_blocked, id=4976, stack(0x44840000,0x44890000)]
  0x088cb000 JavaThread "J3D-BehaviorStructureUpdateThread-32" [_thread_blocked, id=5012, stack(0x446a0000,0x446f0000)]
  0x088da800 JavaThread "J3D-InputDeviceScheduler-31" [_thread_blocked, id=2144, stack(0x44610000,0x44660000)]
  0x088da400 JavaThread "J3D-SoundSchedulerUpdateThread-31" [_thread_blocked, id=4544, stack(0x44580000,0x445d0000)]
  0x088d9c00 JavaThread "J3D-RenderStructureUpdateThread-31" [_thread_blocked, id=4588, stack(0x444f0000,0x44540000)]
  0x088d9800 JavaThread "J3D-BehaviorScheduler-31" [_thread_blocked, id=4440, stack(0x44460000,0x444b0000)]
  0x088d9000 JavaThread "J3D-TransformStructureUpdateThread-31" [_thread_blocked, id=652, stack(0x443d0000,0x44420000)]
  0x088d8c00 JavaThread "J3D-RenderingEnvironmentStructureUpdateThread-31" [_thread_blocked, id=4140, stack(0x44340000,0x44390000)]
  0x088d8400 JavaThread "J3D-SoundStructureUpdateThread-31" [_thread_blocked, id=5052, stack(0x442b0000,0x44300000)]
  0x088d8000 JavaThread "J3D-GeometryStructureUpdateThread-31" [_thread_blocked, id=3608, stack(0x438b0000,0x43900000)]
  0x088d7800 JavaThread "J3D-BehaviorStructureUpdateThread-31" [_thread_blocked, id=3968, stack(0x436f0000,0x43740000)]
  0x088d7400 JavaThread "J3D-InputDeviceScheduler-30" [_thread_blocked, id=4800, stack(0x43660000,0x436b0000)]
  0x088d6c00 JavaThread "J3D-SoundSchedulerUpdateThread-30" [_thread_blocked, id=5008, stack(0x435d0000,0x43620000)]
  0x088d6800 JavaThread "J3D-RenderStructureUpdateThread-30" [_thread_blocked, id=2480, stack(0x43540000,0x43590000)]
  0x088d6000 JavaThread "J3D-BehaviorScheduler-30" [_thread_blocked, id=2976, stack(0x434b0000,0x43500000)]
  0x088d5c00 JavaThread "J3D-TransformStructureUpdateThread-30" [_thread_blocked, id=1224, stack(0x43420000,0x43470000)]
  0x088d5400 JavaThread "J3D-RenderingEnvironmentStructureUpdateThread-30" [_thread_blocked, id=4516, stack(0x43390000,0x433e0000)]
  0x088d5000 JavaThread "J3D-SoundStructureUpdateThread-30" [_thread_blocked, id=4988, stack(0x43300000,0x43350000)]
  0x088d4800 JavaThread "J3D-GeometryStructureUpdateThread-30" [_thread_blocked, id=1912, stack(0x43270000,0x432c0000)]
  0x088d4400 JavaThread "J3D-BehaviorStructureUpdateThread-30" [_thread_blocked, id=4500, stack(0x42850000,0x428a0000)]
  0x088d3c00 JavaThread "J3D-InputDeviceScheduler-29" [_thread_blocked, id=4980, stack(0x427c0000,0x42810000)]
  0x088d3800 JavaThread "J3D-SoundSchedulerUpdateThread-29" [_thread_blocked, id=3180, stack(0x42730000,0x42780000)]
  0x088d3000 JavaThread "J3D-RenderStructureUpdateThread-29" [_thread_blocked, id=4184, stack(0x426a0000,0x426f0000)]
  0x0aa2f800 JavaThread "J3D-BehaviorScheduler-29" [_thread_blocked, id=3364, stack(0x42610000,0x42660000)]
  0x0aa2f000 JavaThread "J3D-TransformStructureUpdateThread-29" [_thread_blocked, id=2500, stack(0x42580000,0x425d0000)]
  0x0aa2ec00 JavaThread "J3D-RenderingEnvironmentStructureUpdateThread-29" [_thread_blocked, id=5112, stack(0x424f0000,0x42540000)]
  0x0aa2e400 JavaThread "J3D-SoundStructureUpdateThread-29" [_thread_blocked, id=4104, stack(0x42460000,0x424b0000)]
  0x0aa2e000 JavaThread "J3D-GeometryStructureUpdateThread-29" [_thread_blocked, id=4628, stack(0x41b90000,0x41be0000)]
  0x0aa2d800 JavaThread "J3D-BehaviorStructureUpdateThread-29" [_thread_blocked, id=4100, stack(0x419e0000,0x41a30000)]
  0x0aa2d400 JavaThread "J3D-InputDeviceScheduler-28" [_thread_blocked, id=4580, stack(0x41950000,0x419a0000)]
  0x0aa2cc00 JavaThread "J3D-SoundSchedulerUpdateThread-28" [_thread_blocked, id=4112, stack(0x418c0000,0x41910000)]
  0x0aa2c800 JavaThread "J3D-RenderStructureUpdateThread-28" [_thread_blocked, id=5104, stack(0x41830000,0x41880000)]
  0x0aa2c000 JavaThread "J3D-BehaviorScheduler-28" [_thread_blocked, id=4572, stack(0x417a0000,0x417f0000)]
  0x0aa2bc00 JavaThread "J3D-TransformStructureUpdateThread-28" [_thread_blocked, id=4688, stack(0x41710000,0x41760000)]
  0x0aa2b400 JavaThread "J3D-RenderingEnvironmentStructureUpdateThread-28" [_thread_blocked, id=4328, stack(0x41680000,0x416d0000)]
  0x0aa2b000 JavaThread "J3D-SoundStructureUpdateThread-28" [_thread_blocked, id=2324, stack(0x415f0000,0x41640000)]
  0x0aa2a800 JavaThread "J3D-GeometryStructureUpdateThread-28" [_thread_blocked, id=4196, stack(0x40af0000,0x40b40000)]
  0x0aa2a400 JavaThread "J3D-BehaviorStructureUpdateThread-28" [_thread_blocked, id=2656, stack(0x40a40000,0x40a90000)]
  0x0aa29c00 JavaThread "J3D-InputDeviceScheduler-27" [_thread_blocked, id=3512, stack(0x409b0000,0x40a00000)]
  0x0aa29800 JavaThread "J3D-SoundSchedulerUpdateThread-27" [_thread_blocked, id=2760, stack(0x40920000,0x40970000)]
  0x0aa29000 JavaThread "J3D-RenderStructureUpdateThread-27" [_thread_blocked, id=988, stack(0x40890000,0x408e0000)]
  0x0aa28c00 JavaThread "J3D-BehaviorScheduler-27" [_thread_blocked, id=1600, stack(0x40800000,0x40850000)]
  0x0aa28400 JavaThread "J3D-TransformStructureUpdateThread-27" [_thread_blocked, id=5056, stack(0x40770000,0x407c0000)]
  0x0aa28000 JavaThread "J3D-RenderingEnvironmentStructureUpdateThread-27" [_thread_blocked, id=2664, stack(0x406e0000,0x40730000)]
  0x06edd000 JavaThread "J3D-SoundStructureUpdateThread-27" [_thread_blocked, id=2452, stack(0x40650000,0x406a0000)]
  0x06edcc00 JavaThread "J3D-GeometryStructureUpdateThread-27" [_thread_blocked, id=4908, stack(0x405c0000,0x40610000)]
  0x06edc400 JavaThread "J3D-BehaviorStructureUpdateThread-27" [_thread_blocked, id=5092, stack(0x40570000,0x405c0000)]
  0x06edc000 JavaThread "J3D-InputDeviceScheduler-26" [_thread_blocked, id=5036, stack(0x3fa20000,0x3fa70000)]
  0x06edb800 JavaThread "J3D-SoundSchedulerUpdateThread-26" [_thread_blocked, id=2384, stack(0x3f990000,0x3f9e0000)]
  0x06edb400 JavaThread "J3D-RenderStructureUpdateThread-26" [_thread_blocked, id=4020, stack(0x3f900000,0x3f950000)]
  0x06edac00 JavaThread "J3D-BehaviorScheduler-26" [_thread_blocked, id=2448, stack(0x3f870000,0x3f8c0000)]
  0x06eda800 JavaThread "J3D-TransformStructureUpdateThread-26" [_thread_blocked, id=2236, stack(0x3f7e0000,0x3f830000)]
  0x06eda000 JavaThread "J3D-RenderingEnvironmentStructureUpdateThread-26" [_thread_blocked, id=4676, stack(0x3f750000,0x3f7a0000)]
  0x06ed9c00 JavaThread "J3D-SoundStructureUpdateThread-26" [_thread_blocked, id=2088, stack(0x3ef60000,0x3efb0000)]
  0x06ed9400 JavaThread "J3D-GeometryStructureUpdateThread-26" [_thread_blocked, id=4596, stack(0x28000000,0x28050000)]
  0x06ed9000 JavaThread "J3D-BehaviorStructureUpdateThread-26" [_thread_blocked, id=4888, stack(0x27e50000,0x27ea0000)]
  0x06ed8800 JavaThread "J3D-InputDeviceScheduler-25" [_thread_blocked, id=5064, stack(0x27dc0000,0x27e10000)]
  0x06ed8400 JavaThread "J3D-SoundSchedulerUpdateThread-25" [_thread_blocked, id=4248, stack(0x27d30000,0x27d80000)]
  0x06ed7c00 JavaThread "J3D-RenderStructureUpdateThread-25" [_thread_blocked, id=4884, stack(0x27ca0000,0x27cf0000)]
  0x06ed7800 JavaThread "J3D-BehaviorScheduler-25" [_thread_blocked, id=796, stack(0x27c10000,0x27c60000)]
  0x06ed7000 JavaThread "J3D-TransformStructureUpdateThread-25" [_thread_blocked, id=680, stack(0x27b80000,0x27bd0000)]
  0x06ed6c00 JavaThread "J3D-RenderingEnvironmentStructureUpdateThread-25" [_thread_blocked, id=4996, stack(0x27af0000,0x27b40000)]
  0x06ed6400 JavaThread "J3D-SoundStructureUpdateThread-25" [_thread_blocked, id=1604, stack(0x27a60000,0x27ab0000)]
  0x06ed6000 JavaThread "J3D-GeometryStructureUpdateThread-25" [_thread_blocked, id=3480, stack(0x27060000,0x270b0000)]
  0x06ed5800 JavaThread "J3D-BehaviorStructureUpdateThread-25" [_thread_blocked, id=788, stack(0x26fc0000,0x27010000)]
  0x0a8b3000 JavaThread "J3D-InputDeviceScheduler-24" [_thread_blocked, id=2080, stack(0x26f30000,0x26f80000)]
  0x08a33c00 JavaThread "J3D-SoundSchedulerUpdateThread-24" [_thread_blocked, id=1108, stack(0x26ea0000,0x26ef0000)]
  0x08a33400 JavaThread "J3D-RenderStructureUpdateThread-24" [_thread_blocked, id=3124, stack(0x26e10000,0x26e60000)]
  0x08a33000 JavaThread "J3D-BehaviorScheduler-24" [_thread_blocked, id=4528, stack(0x26980000,0x269d0000)]
  0x08a32800 JavaThread "J3D-TransformStructureUpdateThread-24" [_thread_blocked, id=4036, stack(0x268f0000,0x26940000)]
  0x08a32400 JavaThread "J3D-RenderingEnvironmentStructureUpdateThread-24" [_thread_blocked, id=4460, stack(0x26860000,0x268b0000)]
  0x08a31c00 JavaThread "J3D-SoundStructureUpdateThread-24" [_thread_blocked, id=1332, stack(0x267d0000,0x26820000)]
  0x08a31000 JavaThread "J3D-GeometryStructureUpdateThread-24" [_thread_blocked, id=4048, stack(0x26740000,0x26790000)]
  0x08a30c00 JavaThread "J3D-BehaviorStructureUpdateThread-24" [_thread_blocked, id=3140, stack(0x25c60000,0x25cb0000)]
  0x08a31800 JavaThread "Thread-28" [_thread_in_Java, id=2952, stack(0x25bd0000,0x25c20000)]
  0x08a30400 JavaThread "J3D-InputDeviceScheduler-23" [_thread_blocked, id=4712, stack(0x25b80000,0x25bd0000)]
  0x08a30000 JavaThread "J3D-SoundSchedulerUpdateThread-23" [_thread_blocked, id=2008, stack(0x25af0000,0x25b40000)]
  0x08a2f800 JavaThread "J3D-RenderStructureUpdateThread-23" [_thread_blocked, id=3372, stack(0x25a60000,0x25ab0000)]
  0x08a2f400 JavaThread "J3D-BehaviorScheduler-23" [_thread_blocked, id=4232, stack(0x259d0000,0x25a20000)]
  0x08a2ec00 JavaThread "J3D-TransformStructureUpdateThread-23" [_thread_blocked, id=4740, stack(0x25940000,0x25990000)]
  0x08a2e800 JavaThread "J3D-RenderingEnvironmentStructureUpdateThread-23" [_thread_blocked, id=1020, stack(0x258b0000,0x25900000)]
  0x08a2e000 JavaThread "J3D-SoundStructureUpdateThread-23" [_thread_blocked, id=4316, stack(0x25820000,0x25870000)]
  0x08a2dc00 JavaThread "J3D-GeometryStructureUpdateThread-23" [_thread_blocked, id=5084, stack(0x25790000,0x257e0000)]
  0x08a2d400 JavaThread "J3D-BehaviorStructureUpdateThread-23" [_thread_blocked, id=2392, stack(0x24cb0000,0x24d00000)]
  0x08a2d000 JavaThread "J3D-InputDeviceScheduler-22" [_thread_blocked, id=4476, stack(0x24c20000,0x24c70000)]
  0x08a2c800 JavaThread "J3D-SoundSchedulerUpdateThread-22" [_thread_blocked, id=736, stack(0x24b90000,0x24be0000)]
  0x08a2c400 JavaThread "J3D-RenderStructureUpdateThread-22" [_thread_blocked, id=1128, stack(0x24b00000,0x24b50000)]
  0x06ec2000 JavaThread "J3D-BehaviorScheduler-22" [_thread_blocked, id=2920, stack(0x24a70000,0x24ac0000)]
  0x06ec1c00 JavaThread "J3D-TransformStructureUpdateThread-22" [_thread_blocked, id=4376, stack(0x249e0000,0x24a30000)]
  0x06ec1400 JavaThread "J3D-RenderingEnvironmentStructureUpdateThread-22" [_thread_blocked, id=4444, stack(0x24950000,0x249a0000)]
  0x06ec1000 JavaThread "J3D-SoundStructureUpdateThread-22" [_thread_blocked, id=2908, stack(0x248c0000,0x24910000)]
  0x06ec0800 JavaThread "J3D-GeometryStructureUpdateThread-22" [_thread_blocked, id=1860, stack(0x23eb0000,0x23f00000)]
  0x06ec0400 JavaThread "J3D-BehaviorStructureUpdateThread-22" [_thread_blocked, id=3076, stack(0x23e20000,0x23e70000)]
  0x06ebfc00 JavaThread "J3D-InputDeviceScheduler-21" [_thread_blocked, id=4656, stack(0x23d90000,0x23de0000)]
  0x06ebf800 JavaThread "J3D-SoundSchedulerUpdateThread-21" [_thread_blocked, id=4252, stack(0x23d00000,0x23d50000)]
  0x06ebf000 JavaThread "J3D-RenderStructureUpdateThread-21" [_thread_blocked, id=5028, stack(0x23c70000,0x23cc0000)]
  0x06ebec00 JavaThread "J3D-BehaviorScheduler-21" [_thread_blocked, id=2472, stack(0x23be0000,0x23c30000)]
  0x06ebe400 JavaThread "J3D-TransformStructureUpdateThread-21" [_thread_blocked, id=5080, stack(0x23b50000,0x23ba0000)]
  0x06ebe000 JavaThread "J3D-RenderingEnvironmentStructureUpdateThread-21" [_thread_blocked, id=1556, stack(0x23ac0000,0x23b10000)]
  0x06ebd800 JavaThread "J3D-SoundStructureUpdateThread-21" [_thread_blocked, id=2388, stack(0x23600000,0x23650000)]
  0x06ebd400 JavaThread "J3D-GeometryStructureUpdateThread-21" [_thread_blocked, id=4512, stack(0x235b0000,0x23600000)]
  0x06ebcc00 JavaThread "J3D-BehaviorStructureUpdateThread-21" [_thread_blocked, id=2076, stack(0x22d80000,0x22dd0000)]
  0x06ebc800 JavaThread "J3D-InputDeviceScheduler-20" [_thread_blocked, id=2168, stack(0x22cf0000,0x22d40000)]
  0x06ebc000 JavaThread "J3D-SoundSchedulerUpdateThread-20" [_thread_blocked, id=3720, stack(0x22c60000,0x22cb0000)]
  0x06ebbc00 JavaThread "J3D-RenderStructureUpdateThread-20" [_thread_blocked, id=4204, stack(0x22bd0000,0x22c20000)]
  0x06ebb400 JavaThread "J3D-BehaviorScheduler-20" [_thread_blocked, id=2016, stack(0x22b40000,0x22b90000)]
  0x06ebb000 JavaThread "J3D-TransformStructureUpdateThread-20" [_thread_blocked, id=2840, stack(0x22ab0000,0x22b00000)]
  0x06eba800 JavaThread "J3D-RenderingEnvironmentStructureUpdateThread-20" [_thread_blocked, id=2912, stack(0x22a20000,0x22a70000)]
  0x0889c800 JavaThread "J3D-SoundStructureUpdateThread-20" [_thread_blocked, id=1252, stack(0x22990000,0x229e0000)]
  0x0889c400 JavaThread "J3D-GeometryStructureUpdateThread-20" [_thread_blocked, id=2552, stack(0x22900000,0x22950000)]
  0x0889bc00 JavaThread "J3D-BehaviorStructureUpdateThread-20" [_thread_blocked, id=4108, stack(0x21f10000,0x21f60000)]
  0x0889b400 JavaThread "J3D-InputDeviceScheduler-19" [_thread_blocked, id=2856, stack(0x21e80000,0x21ed0000)]
  0x0889b000 JavaThread "J3D-SoundSchedulerUpdateThread-19" [_thread_blocked, id=4952, stack(0x21df0000,0x21e40000)]
  0x0889a800 JavaThread "J3D-RenderStructureUpdateThread-19" [_thread_blocked, id=4264, stack(0x21d60000,0x21db0000)]
  0x0889a400 JavaThread "J3D-BehaviorScheduler-19" [_thread_blocked, id=1472, stack(0x21cd0000,0x21d20000)]
  0x08899c00 JavaThread "J3D-TransformStructureUpdateThread-19" [_thread_blocked, id=4540, stack(0x21c40000,0x21c90000)]
  0x08899800 JavaThread "J3D-RenderingEnvironmentStructureUpdateThread-19" [_thread_blocked, id=3472, stack(0x21bb0000,0x21c00000)]
  0x08899000 JavaThread "J3D-SoundStructureUpdateThread-19" [_thread_blocked, id=4936, stack(0x21b20000,0x21b70000)]
  0x0aa94c00 JavaThread "J3D-GeometryStructureUpdateThread-19" [_thread_blocked, id=4388, stack(0x21030000,0x21080000)]
  0x0aa94400 JavaThread "J3D-BehaviorStructureUpdateThread-19" [_thread_blocked, id=4348, stack(0x20fa0000,0x20ff0000)]
  0x0aa94000 JavaThread "J3D-InputDeviceScheduler-18" [_thread_blocked, id=4072, stack(0x20f10000,0x20f60000)]
  0x0aa93800 JavaThread "J3D-SoundSchedulerUpdateThread-18" [_thread_blocked, id=2020, stack(0x20e80000,0x20ed0000)]
  0x0aa93400 JavaThread "J3D-RenderStructureUpdateThread-18" [_thread_blocked, id=3984, stack(0x20df0000,0x20e40000)]
  0x0aa92c00 JavaThread "J3D-BehaviorScheduler-18" [_thread_blocked, id=3612, stack(0x20d60000,0x20db0000)]
  0x0aa92800 JavaThread "J3D-TransformStructureUpdateThread-18" [_thread_blocked, id=3588, stack(0x20cd0000,0x20d20000)]
  0x0aa92000 JavaThread "J3D-RenderingEnvironmentStructureUpdateThread-18" [_thread_blocked, id=2604, stack(0x20c40000,0x20c90000)]
  0x0aa91c00 JavaThread "J3D-SoundStructureUpdateThread-18" [_thread_blocked, id=3920, stack(0x20bb0000,0x20c00000)]
  0x0aa91400 JavaThread "J3D-GeometryStructureUpdateThread-18" [_thread_blocked, id=4944, stack(0x20b20000,0x20b70000)]
  0x08a1d800 JavaThread "J3D-BehaviorStructureUpdateThread-18" [_thread_blocked, id=3232, stack(0x20020000,0x20070000)]
  0x08a1d400 JavaThread "J3D-InputDeviceScheduler-17" [_thread_blocked, id=3980, stack(0x1ff90000,0x1ffe0000)]
  0x08a1cc00 JavaThread "J3D-SoundSchedulerUpdateThread-17" [_thread_blocked, id=3172, stack(0x1ff00000,0x1ff50000)]
  0x08a1c800 JavaThread "J3D-RenderStructureUpdateThread-17" [_thread_blocked, id=2348, stack(0x1fe70000,0x1fec0000)]
  0x08a1c000 JavaThread "J3D-BehaviorScheduler-17" [_thread_blocked, id=3908, stack(0x1fde0000,0x1fe30000)]
  0x08a1bc00 JavaThread "J3D-TransformStructureUpdateThread-17" [_thread_blocked, id=2352, stack(0x1fd50000,0x1fda0000)]
  0x08a1b400 JavaThread "J3D-RenderingEnvironmentStructureUpdateThread-17" [_thread_blocked, id=312, stack(0x1fcc0000,0x1fd10000)]
  0x08a1b000 JavaThread "J3D-SoundStructureUpdateThread-17" [_thread_blocked, id=4092, stack(0x1fc30000,0x1fc80000)]
  0x08a1a800 JavaThread "J3D-GeometryStructureUpdateThread-17" [_thread_blocked, id=4292, stack(0x1fba0000,0x1fbf0000)]
  0x08a1a000 JavaThread "J3D-BehaviorStructureUpdateThread-17" [_thread_blocked, id=5076, stack(0x1f0a0000,0x1f0f0000)]
  0x06cf3800 JavaThread "J3D-InputDeviceScheduler-16" [_thread_blocked, id=4368, stack(0x1f010000,0x1f060000)]
  0x06cf3400 JavaThread "J3D-SoundSchedulerUpdateThread-16" [_thread_blocked, id=1784, stack(0x1ef80000,0x1efd0000)]
  0x06cf2c00 JavaThread "J3D-RenderStructureUpdateThread-16" [_thread_blocked, id=4744, stack(0x1eef0000,0x1ef40000)]
  0x06cf2800 JavaThread "J3D-BehaviorScheduler-16" [_thread_blocked, id=336, stack(0x1ee60000,0x1eeb0000)]
  0x06cf2000 JavaThread "J3D-TransformStructureUpdateThread-16" [_thread_blocked, id=4940, stack(0x1edd0000,0x1ee20000)]
  0x06cf1c00 JavaThread "J3D-RenderingEnvironmentStructureUpdateThread-16" [_thread_blocked, id=3844, stack(0x1ed40000,0x1ed90000)]
  0x06cf1400 JavaThread "J3D-SoundStructureUpdateThread-16" [_thread_blocked, id=4696, stack(0x1ecb0000,0x1ed00000)]
  0x06cf1000 JavaThread "J3D-GeometryStructureUpdateThread-16" [_thread_blocked, id=4172, stack(0x1d1f0000,0x1d240000)]
  0x06cf0800 JavaThread "J3D-BehaviorStructureUpdateThread-16" [_thread_blocked, id=4896, stack(0x1d160000,0x1d1b0000)]
  0x06cf0400 JavaThread "J3D-InputDeviceScheduler-15" [_thread_blocked, id=4300, stack(0x1d0d0000,0x1d120000)]
  0x088c8000 JavaThread "J3D-SoundSchedulerUpdateThread-15" [_thread_blocked, id=2596, stack(0x1d040000,0x1d090000)]
  0x088c7c00 JavaThread "J3D-RenderStructureUpdateThread-15" [_thread_blocked, id=4520, stack(0x1cfb0000,0x1d000000)]
  0x088c7400 JavaThread "J3D-BehaviorScheduler-15" [_thread_blocked, id=1988, stack(0x1cf20000,0x1cf70000)]
  0x088c7000 JavaThread "J3D-TransformStructureUpdateThread-15" [_thread_blocked, id=4956, stack(0x1ce90000,0x1cee0000)]
  0x088c6800 JavaThread "J3D-RenderingEnvironmentStructureUpdateThread-15" [_thread_blocked, id=4548, stack(0x1ce00000,0x1ce50000)]
  0x088c6000 JavaThread "J3D-SoundStructureUpdateThread-15" [_thread_blocked, id=2780, stack(0x1cd70000,0x1cdc0000)]
  0x088c5c00 JavaThread "J3D-GeometryStructureUpdateThread-15" [_thread_blocked, id=4624, stack(0x1cce0000,0x1cd30000)]
  0x088c5400 JavaThread "J3D-BehaviorStructureUpdateThread-15" [_thread_blocked, id=3928, stack(0x1c200000,0x1c250000)]
  0x088c5000 JavaThread "J3D-InputDeviceScheduler-14" [_thread_blocked, id=1928, stack(0x1c170000,0x1c1c0000)]
  0x088c4800 JavaThread "J3D-SoundSchedulerUpdateThread-14" [_thread_blocked, id=112, stack(0x1c0e0000,0x1c130000)]
  0x08979400 JavaThread "J3D-RenderStructureUpdateThread-14" [_thread_blocked, id=3344, stack(0x1c050000,0x1c0a0000)]
  0x08978c00 JavaThread "J3D-BehaviorScheduler-14" [_thread_blocked, id=4652, stack(0x1bfc0000,0x1c010000)]
  0x08978400 JavaThread "J3D-TransformStructureUpdateThread-14" [_thread_blocked, id=4420, stack(0x1bf30000,0x1bf80000)]
  0x08978000 JavaThread "J3D-RenderingEnvironmentStructureUpdateThread-14" [_thread_blocked, id=3360, stack(0x1bea0000,0x1bef0000)]
  0x08977800 JavaThread "J3D-SoundStructureUpdateThread-14" [_thread_blocked, id=3840, stack(0x1be10000,0x1be60000)]
  0x08977400 JavaThread "J3D-GeometryStructureUpdateThread-14" [_thread_blocked, id=4396, stack(0x1bd80000,0x1bdd0000)]
  0x08976c00 JavaThread "J3D-BehaviorStructureUpdateThread-14" [_thread_blocked, id=4720, stack(0x1b290000,0x1b2e0000)]
  0x08976800 JavaThread "J3D-InputDeviceScheduler-13" [_thread_blocked, id=4076, stack(0x1b200000,0x1b250000)]
  0x08976000 JavaThread "J3D-SoundSchedulerUpdateThread-13" [_thread_blocked, id=3616, stack(0x1b1b0000,0x1b200000)]
  0x08975c00 JavaThread "J3D-RenderStructureUpdateThread-13" [_thread_blocked, id=3864, stack(0x18700000,0x18750000)]
  0x08b4bc00 JavaThread "J3D-BehaviorScheduler-13" [_thread_blocked, id=2556, stack(0x0c4a0000,0x0c4f0000)]
  0x0a8b4800 JavaThread "J3D-TransformStructureUpdateThread-13" [_thread_blocked, id=4124, stack(0x0b200000,0x0b250000)]
  0x0a8b4400 JavaThread "J3D-RenderingEnvironmentStructureUpdateThread-13" [_thread_blocked, id=2112, stack(0x09c10000,0x09c60000)]
  0x0a8b3c00 JavaThread "J3D-SoundStructureUpdateThread-13" [_thread_blocked, id=3776, stack(0x086c0000,0x08710000)]
  0x0a8b3800 JavaThread "J3D-GeometryStructureUpdateThread-13" [_thread_blocked, id=2620, stack(0x07e30000,0x07e80000)]
  0x0a8b2c00 JavaThread "J3D-BehaviorStructureUpdateThread-13" [_thread_blocked, id=3040, stack(0x07da0000,0x07df0000)]
  0x0a8b2400 JavaThread "J3D-Renderer-2" [_thread_blocked, id=1612, stack(0x07d10000,0x07d60000)]
  0x0a8b2000 JavaThread "AWT-EventQueue-0" [_thread_in_native, id=644, stack(0x06a30000,0x06a80000)]
  0x0a8b1800 JavaThread "J3D-InputDeviceScheduler-12" [_thread_blocked, id=3200, stack(0x186b0000,0x18700000)]
  0x0a8b1400 JavaThread "J3D-SoundSchedulerUpdateThread-12" [_thread_blocked, id=4536, stack(0x18620000,0x18670000)]
  0x08b11400 JavaThread "J3D-RenderStructureUpdateThread-12" [_thread_blocked, id=2092, stack(0x18590000,0x185e0000)]
  0x08b10c00 JavaThread "J3D-BehaviorScheduler-12" [_thread_blocked, id=4156, stack(0x18500000,0x18550000)]
  0x08b10800 JavaThread "J3D-TransformStructureUpdateThread-12" [_thread_blocked, id=4392, stack(0x18470000,0x184c0000)]
  0x08b10000 JavaThread "J3D-RenderingEnvironmentStructureUpdateThread-12" [_thread_blocked, id=4148, stack(0x183e0000,0x18430000)]
  0x08b0fc00 JavaThread "J3D-SoundStructureUpdateThread-12" [_thread_blocked, id=4524, stack(0x18350000,0x183a0000)]
  0x08b0f400 JavaThread "J3D-GeometryStructureUpdateThread-12" [_thread_blocked, id=4972, stack(0x17840000,0x17890000)]
  0x08b0f000 JavaThread "J3D-BehaviorStructureUpdateThread-12" [_thread_blocked, id=4212, stack(0x17790000,0x177e0000)]
  0x08b0e800 JavaThread "J3D-InputDeviceScheduler-11" [_thread_blocked, id=2776, stack(0x17600000,0x17650000)]
  0x08b0e400 JavaThread "J3D-SoundSchedulerUpdateThread-11" [_thread_blocked, id=4480, stack(0x17570000,0x175c0000)]
  0x08b0dc00 JavaThread "J3D-RenderStructureUpdateThread-11" [_thread_blocked, id=3916, stack(0x174e0000,0x17530000)]
  0x08b04400 JavaThread "J3D-BehaviorScheduler-11" [_thread_blocked, id=1840, stack(0x17450000,0x174a0000)]
  0x08b03c00 JavaThread "J3D-TransformStructureUpdateThread-11" [_thread_blocked, id=1080, stack(0x173c0000,0x17410000)]
  0x08b03800 JavaThread "J3D-RenderingEnvironmentStructureUpdateThread-11" [_thread_blocked, id=352, stack(0x17330000,0x17380000)]
  0x08b03000 JavaThread "J3D-SoundStructureUpdateThread-11" [_thread_blocked, id=2968, stack(0x172a0000,0x172f0000)]
  0x08b02c00 JavaThread "J3D-GeometryStructureUpdateThread-11" [_thread_blocked, id=3896, stack(0x166b0000,0x16700000)]
  0x08b02400 JavaThread "J3D-BehaviorStructureUpdateThread-11" [_thread_blocked, id=4772, stack(0x16610000,0x16660000)]
  0x08b02000 JavaThread "J3D-InputDeviceScheduler-10" [_thread_blocked, id=4144, stack(0x16580000,0x165d0000)]
  0x08b01800 JavaThread "J3D-SoundSchedulerUpdateThread-10" [_thread_blocked, id=4916, stack(0x164f0000,0x16540000)]
  0x08b01400 JavaThread "J3D-RenderStructureUpdateThread-10" [_thread_blocked, id=2992, stack(0x16460000,0x164b0000)]
  0x08b00c00 JavaThread "J3D-BehaviorScheduler-10" [_thread_blocked, id=4424, stack(0x163d0000,0x16420000)]
  0x08a4d000 JavaThread "J3D-TransformStructureUpdateThread-10" [_thread_blocked, id=3856, stack(0x16340000,0x16390000)]
  0x08a4c800 JavaThread "J3D-RenderingEnvironmentStructureUpdateThread-10" [_thread_blocked, id=3536, stack(0x162b0000,0x16300000)]
  0x08a4c400 JavaThread "J3D-SoundStructureUpdateThread-10" [_thread_blocked, id=3712, stack(0x16220000,0x16270000)]
  0x08a4bc00 JavaThread "J3D-GeometryStructureUpdateThread-10" [_thread_blocked, id=5048, stack(0x15720000,0x15770000)]
  0x08a4b800 JavaThread "J3D-BehaviorStructureUpdateThread-10" [_thread_blocked, id=1244, stack(0x15660000,0x156b0000)]
  0x08a4b000 JavaThread "J3D-InputDeviceScheduler-9" [_thread_blocked, id=4128, stack(0x155d0000,0x15620000)]
  0x08a4ac00 JavaThread "J3D-SoundSchedulerUpdateThread-9" [_thread_blocked, id=4768, stack(0x15540000,0x15590000)]
  0x08a4a400 JavaThread "J3D-RenderStructureUpdateThread-9" [_thread_blocked, id=4344, stack(0x154b0000,0x15500000)]
  0x08a4a000 JavaThread "J3D-BehaviorScheduler-9" [_thread_blocked, id=3784, stack(0x15420000,0x15470000)]
  0x08a49800 JavaThread "J3D-TransformStructureUpdateThread-9" [_thread_blocked, id=5116, stack(0x15390000,0x153e0000)]
  0x02245000 JavaThread "J3D-RenderingEnvironmentStructureUpdateThread-9" [_thread_blocked, id=4288, stack(0x15300000,0x15350000)]
  0x02244c00 JavaThread "J3D-SoundStructureUpdateThread-9" [_thread_blocked, id=3088, stack(0x15270000,0x152c0000)]
  0x02244400 JavaThread "J3D-GeometryStructureUpdateThread-9" [_thread_blocked, id=3652, stack(0x151e0000,0x15230000)]
  0x02244000 JavaThread "J3D-BehaviorStructureUpdateThread-9" [_thread_blocked, id=4088, stack(0x14700000,0x14750000)]
  0x02243800 JavaThread "J3D-InputDeviceScheduler-8" [_thread_blocked, id=1476, stack(0x14670000,0x146c0000)]
  0x02243400 JavaThread "J3D-SoundSchedulerUpdateThread-8" [_thread_blocked, id=1412, stack(0x145e0000,0x14630000)]
  0x02242c00 JavaThread "J3D-RenderStructureUpdateThread-8" [_thread_blocked, id=1596, stack(0x14550000,0x145a0000)]
  0x02242800 JavaThread "J3D-BehaviorScheduler-8" [_thread_blocked, id=4164, stack(0x144c0000,0x14510000)]
  0x02242000 JavaThread "J3D-TransformStructureUpdateThread-8" [_thread_blocked, id=4824, stack(0x14430000,0x14480000)]
  0x02241c00 JavaThread "J3D-RenderingEnvironmentStructureUpdateThread-8" [_thread_blocked, id=4132, stack(0x143a0000,0x143f0000)]
  0x0a8d4400 JavaThread "J3D-SoundStructureUpdateThread-8" [_thread_blocked, id=4984, stack(0x14310000,0x14360000)]
  0x0a8d3c00 JavaThread "J3D-GeometryStructureUpdateThread-8" [_thread_blocked, id=3108, stack(0x14280000,0x142d0000)]
  0x0a8d3800 JavaThread "J3D-BehaviorStructureUpdateThread-8" [_thread_blocked, id=3380, stack(0x128a0000,0x128f0000)]
  0x0a8d3000 JavaThread "J3D-InputDeviceScheduler-7" [_thread_blocked, id=5040, stack(0x12810000,0x12860000)]
  0x0a8d2c00 JavaThread "J3D-SoundSchedulerUpdateThread-7" [_thread_blocked, id=1460, stack(0x12780000,0x127d0000)]
  0x0a8d2400 JavaThread "J3D-RenderStructureUpdateThread-7" [_thread_blocked, id=3804, stack(0x126f0000,0x12740000)]
  0x0a8d2000 JavaThread "J3D-BehaviorScheduler-7" [_thread_blocked, id=4336, stack(0x12460000,0x124b0000)]
  0x0a8d1800 JavaThread "J3D-TransformStructureUpdateThread-7" [_thread_blocked, id=3748, stack(0x123d0000,0x12420000)]
  0x0a8d1400 JavaThread "J3D-RenderingEnvironmentStructureUpdateThread-7" [_thread_blocked, id=1172, stack(0x12340000,0x12390000)]
  0x0a8d0c00 JavaThread "J3D-SoundStructureUpdateThread-7" [_thread_blocked, id=1000, stack(0x122b0000,0x12300000)]
  0x08a29800 JavaThread "J3D-GeometryStructureUpdateThread-7" [_thread_blocked, id=612, stack(0x117b0000,0x11800000)]
  0x08a29400 JavaThread "J3D-BehaviorStructureUpdateThread-7" [_thread_blocked, id=1272, stack(0x11610000,0x11660000)]
  0x08a28c00 JavaThread "J3D-InputDeviceScheduler-6" [_thread_blocked, id=1924, stack(0x11580000,0x115d0000)]
  0x08a28800 JavaThread "J3D-SoundSchedulerUpdateThread-6" [_thread_blocked, id=2796, stack(0x114f0000,0x11540000)]
  0x08a28000 JavaThread "J3D-RenderStructureUpdateThread-6" [_thread_blocked, id=4268, stack(0x11460000,0x114b0000)]
  0x08a27c00 JavaThread "J3D-BehaviorScheduler-6" [_thread_blocked, id=4468, stack(0x113d0000,0x11420000)]
  0x08a27400 JavaThread "J3D-TransformStructureUpdateThread-6" [_thread_blocked, id=4436, stack(0x11340000,0x11390000)]
  0x08a27000 JavaThread "J3D-RenderingEnvironmentStructureUpdateThread-6" [_thread_blocked, id=2032, stack(0x112b0000,0x11300000)]
  0x08a26800 JavaThread "J3D-SoundStructureUpdateThread-6" [_thread_blocked, id=2996, stack(0x11220000,0x11270000)]
  0x08a26400 JavaThread "J3D-GeometryStructureUpdateThread-6" [_thread_blocked, id=4284, stack(0x10740000,0x10790000)]
  0x0a9fa800 JavaThread "J3D-BehaviorStructureUpdateThread-6" [_thread_blocked, id=4716, stack(0x106b0000,0x10700000)]
  0x0a9fa000 JavaThread "J3D-InputDeviceScheduler-5" [_thread_blocked, id=3292, stack(0x10620000,0x10670000)]
  0x0a9f9c00 JavaThread "J3D-SoundSchedulerUpdateThread-5" [_thread_blocked, id=4680, stack(0x10590000,0x105e0000)]
  0x0a9f9400 JavaThread "J3D-RenderStructureUpdateThread-5" [_thread_blocked, id=1700, stack(0x10500000,0x10550000)]
  0x0a9f9000 JavaThread "J3D-BehaviorScheduler-5" [_thread_blocked, id=1544, stack(0x10470000,0x104c0000)]
  0x0a9f8800 JavaThread "J3D-TransformStructureUpdateThread-5" [_thread_blocked, id=3740, stack(0x103e0000,0x10430000)]
  0x0a9f8400 JavaThread "J3D-RenderingEnvironmentStructureUpdateThread-5" [_thread_blocked, id=2940, stack(0x10350000,0x103a0000)]
  0x0a9f7c00 JavaThread "J3D-SoundStructureUpdateThread-5" [_thread_blocked, id=2652, stack(0x0f8d0000,0x0f920000)]
  0x0a9f7800 JavaThread "J3D-GeometryStructureUpdateThread-5" [_thread_blocked, id=5000, stack(0x0f700000,0x0f750000)]
  0x08b4ac00 JavaThread "J3D-BehaviorStructureUpdateThread-5" [_thread_blocked, id=588, stack(0x09aa0000,0x09af0000)]
  0x0a9f7000 JavaThread "J3D-InputDeviceScheduler-4" [_thread_blocked, id=3816, stack(0x0f570000,0x0f5c0000)]
  0x0a8c4c00 JavaThread "J3D-SoundSchedulerUpdateThread-4" [_thread_blocked, id=2424, stack(0x0f4e0000,0x0f530000)]
  0x0a8c4800 JavaThread "J3D-RenderStructureUpdateThread-4" [_thread_blocked, id=2660, stack(0x0f450000,0x0f4a0000)]
  0x0a8c4000 JavaThread "J3D-BehaviorScheduler-4" [_thread_blocked, id=4932, stack(0x0f3c0000,0x0f410000)]
  0x0a8c3c00 JavaThread "J3D-TransformStructureUpdateThread-4" [_thread_blocked, id=2400, stack(0x0f330000,0x0f380000)]
  0x0a8c3400 JavaThread "J3D-RenderingEnvironmentStructureUpdateThread-4" [_thread_blocked, id=2068, stack(0x0f2a0000,0x0f2f0000)]
  0x0a8c3000 JavaThread "J3D-SoundStructureUpdateThread-4" [_thread_blocked, id=4416, stack(0x0f210000,0x0f260000)]
  0x0a8c2800 JavaThread "J3D-GeometryStructureUpdateThread-4" [_thread_blocked, id=4464, stack(0x0df30000,0x0df80000)]
  0x0a8c2400 JavaThread "J3D-BehaviorStructureUpdateThread-4" [_thread_blocked, id=4304, stack(0x0dee0000,0x0df30000)]
  0x0a8c1c00 JavaThread "J3D-InputDeviceScheduler-3" [_thread_blocked, id=1960, stack(0x0dde0000,0x0de30000)]
  0x0a8c1800 JavaThread "J3D-SoundSchedulerUpdateThread-3" [_thread_blocked, id=2464, stack(0x0dd50000,0x0dda0000)]
  0x08b29c00 JavaThread "J3D-RenderStructureUpdateThread-3" [_thread_blocked, id=2756, stack(0x0dcc0000,0x0dd10000)]
  0x08b29400 JavaThread "J3D-BehaviorScheduler-3" [_thread_blocked, id=2564, stack(0x0dc30000,0x0dc80000)]
  0x08b29000 JavaThread "J3D-TransformStructureUpdateThread-3" [_thread_blocked, id=984, stack(0x0dba0000,0x0dbf0000)]
  0x08b28800 JavaThread "J3D-RenderingEnvironmentStructureUpdateThread-3" [_thread_blocked, id=2592, stack(0x0db10000,0x0db60000)]
  0x08b28400 JavaThread "J3D-SoundStructureUpdateThread-3" [_thread_blocked, id=3836, stack(0x0da80000,0x0dad0000)]
  0x08b27c00 JavaThread "J3D-GeometryStructureUpdateThread-3" [_thread_blocked, id=1868, stack(0x0d9f0000,0x0da40000)]
  0x08b27800 JavaThread "J3D-BehaviorStructureUpdateThread-3" [_thread_blocked, id=2212, stack(0x0cf00000,0x0cf50000)]
  0x08b27000 JavaThread "J3D-InputDeviceScheduler-2" [_thread_blocked, id=4796, stack(0x0ce70000,0x0cec0000)]
  0x08b26c00 JavaThread "J3D-SoundSchedulerUpdateThread-2" [_thread_blocked, id=2748, stack(0x0cde0000,0x0ce30000)]
  0x08b26400 JavaThread "J3D-RenderStructureUpdateThread-2" [_thread_blocked, id=4372, stack(0x0cd50000,0x0cda0000)]
  0x08b4e000 JavaThread "J3D-BehaviorScheduler-2" [_thread_blocked, id=1864, stack(0x0ccc0000,0x0cd10000)]
  0x08b4dc00 JavaThread "J3D-TransformStructureUpdateThread-2" [_thread_blocked, id=3096, stack(0x0cc30000,0x0cc80000)]
  0x08b4d400 JavaThread "J3D-RenderingEnvironmentStructureUpdateThread-2" [_thread_blocked, id=4028, stack(0x0cba0000,0x0cbf0000)]
  0x08b4d000 JavaThread "J3D-SoundStructureUpdateThread-2" [_thread_blocked, id=3552, stack(0x0cb10000,0x0cb60000)]
  0x08b4c800 JavaThread "J3D-GeometryStructureUpdateThread-2" [_thread_blocked, id=4616, stack(0x0ca80000,0x0cad0000)]
  0x08b4b800 JavaThread "J3D-BehaviorStructureUpdateThread-2" [_thread_blocked, id=4412, stack(0x0c9f0000,0x0ca40000)]
  0x08b4c400 JavaThread "TimerQueue" daemon [_thread_blocked, id=636, stack(0x0c620000,0x0c670000)]
  0x08b4a400 JavaThread "J3D-InputDeviceScheduler-1" [_thread_blocked, id=4620, stack(0x0a820000,0x0a870000)]
  0x08b4a000 JavaThread "J3D-SoundSchedulerUpdateThread-1" [_thread_blocked, id=4384, stack(0x0a790000,0x0a7e0000)]
  0x08b49800 JavaThread "J3D-RenderStructureUpdateThread-1" [_thread_blocked, id=2116, stack(0x0a500000,0x0a550000)]
  0x08b49400 JavaThread "J3D-BehaviorScheduler-1" [_thread_blocked, id=4832, stack(0x0a470000,0x0a4c0000)]
  0x08b48c00 JavaThread "J3D-TransformStructureUpdateThread-1" [_thread_blocked, id=4356, stack(0x0a3e0000,0x0a430000)]
  0x08b48800 JavaThread "J3D-RenderingEnvironmentStructureUpdateThread-1" [_thread_blocked, id=3664, stack(0x0a350000,0x0a3a0000)]
  0x08b48000 JavaThread "J3D-SoundStructureUpdateThread-1" [_thread_blocked, id=5088, stack(0x0a2c0000,0x0a310000)]
  0x08b47c00 JavaThread "J3D-GeometryStructureUpdateThread-1" [_thread_blocked, id=2404, stack(0x0a230000,0x0a280000)]
  0x08b47400 JavaThread "J3D-BehaviorStructureUpdateThread-1" [_thread_blocked, id=5016, stack(0x0a0a0000,0x0a0f0000)]
  0x08b47000 JavaThread "D3D Screen Updater" daemon [_thread_blocked, id=3792, stack(0x09ce0000,0x09d30000)]
  0x08b46800 JavaThread "DestroyJavaVM" [_thread_blocked, id=5108, stack(0x00430000,0x00480000)]
  0x08ad8400 JavaThread "AWT-Shutdown" [_thread_blocked, id=2192, stack(0x09bc0000,0x09c10000)]
  0x08a5b000 JavaThread "J3D-Renderer-1" [_thread_blocked, id=2600, stack(0x099e0000,0x09a30000)]
  0x02274c00 JavaThread "J3D-MasterControl-1" [_thread_blocked, id=4864, stack(0x08840000,0x08890000)]
  0x06d4bc00 JavaThread "J3D-NotificationThread" [_thread_blocked, id=4644, stack(0x04960000,0x049b0000)]
  0x08a64800 JavaThread "J3D-TimerThread" [_thread_blocked, id=2360, stack(0x09950000,0x099a0000)]
  0x08a5e800 JavaThread "J3D-RenderingAttributesStructureUpdateThread" [_thread_blocked, id=4960, stack(0x098c0000,0x09910000)]
=>0x02275000 JavaThread "AWT-Windows" daemon [_thread_in_native, id=4364, stack(0x049f0000,0x04a40000)]
  0x02271c00 JavaThread "Java2D Disposer" daemon [_thread_blocked, id=3768, stack(0x04910000,0x04960000)]
  0x0222e800 JavaThread "Low Memory Detector" daemon [_thread_blocked, id=1072, stack(0x046c0000,0x04710000)]
  0x02229c00 JavaThread "CompilerThread0" daemon [_thread_blocked, id=4188, stack(0x04630000,0x04680000)]
  0x02228c00 JavaThread "Attach Listener" daemon [_thread_blocked, id=3368, stack(0x045a0000,0x045f0000)]
  0x02225c00 JavaThread "Signal Dispatcher" daemon [_thread_blocked, id=2484, stack(0x04510000,0x04560000)]
  0x02220400 JavaThread "Finalizer" daemon [_thread_blocked, id=900, stack(0x04480000,0x044d0000)]
  0x0221b000 JavaThread "Reference Handler" daemon [_thread_blocked, id=4296, stack(0x043f0000,0x04440000)]

Other Threads:
  0x021df400 VMThread [stack: 0x04360000,0x043b0000] [id=4860]
  0x02240400 WatcherThread [stack: 0x04750000,0x047a0000] [id=3728]

VM state:not at safepoint (normal execution)

VM Mutex/Monitor currently owned by a thread: None

Heap
 def new generation   total 78656K, used 30312K [0x28050000, 0x2d5a0000, 0x2d5a0000)
  eden space 69952K,  32% used [0x28050000, 0x296a7058, 0x2c4a0000)
  from space 8704K,  85% used [0x2c4a0000, 0x2cbe3090, 0x2cd20000)
  to   space 8704K,   0% used [0x2cd20000, 0x2cd20000, 0x2d5a0000)
 tenured generation   total 174784K, used 164405K [0x2d5a0000, 0x38050000, 0x38050000)
   the space 174784K,  94% used [0x2d5a0000, 0x3762d5f0, 0x3762d600, 0x38050000)
 compacting perm gen  total 12288K, used 5483K [0x38050000, 0x38c50000, 0x3c050000)
   the space 12288K,  44% used [0x38050000, 0x385aae28, 0x385ab000, 0x38c50000)
    ro space 10240K,  51% used [0x3c050000, 0x3c57cf58, 0x3c57d000, 0x3ca50000)
    rw space 12288K,  54% used [0x3ca50000, 0x3d0e8f50, 0x3d0e9000, 0x3d650000)

Dynamic libraries:
0x00400000 - 0x00424000 	C:\Program Files (x86)\Java\jre6\bin\javaw.exe
0x775e0000 - 0x77760000 	C:\Windows\SysWOW64\ntdll.dll
0x75210000 - 0x75310000 	C:\Windows\syswow64\kernel32.dll
0x75470000 - 0x754b6000 	C:\Windows\syswow64\KERNELBASE.dll
0x77140000 - 0x771e0000 	C:\Windows\syswow64\ADVAPI32.dll
0x761a0000 - 0x7624c000 	C:\Windows\syswow64\msvcrt.dll
0x77090000 - 0x770a9000 	C:\Windows\SysWOW64\sechost.dll
0x75e00000 - 0x75ef0000 	C:\Windows\syswow64\RPCRT4.dll
0x75150000 - 0x751b0000 	C:\Windows\syswow64\SspiCli.dll
0x75140000 - 0x7514c000 	C:\Windows\syswow64\CRYPTBASE.dll
0x76250000 - 0x76350000 	C:\Windows\syswow64\USER32.dll
0x753e0000 - 0x75470000 	C:\Windows\syswow64\GDI32.dll
0x755e0000 - 0x755ea000 	C:\Windows\syswow64\LPK.dll
0x76100000 - 0x7619d000 	C:\Windows\syswow64\USP10.dll
0x751b0000 - 0x75210000 	C:\Windows\system32\IMM32.DLL
0x75310000 - 0x753dc000 	C:\Windows\syswow64\MSCTF.dll
0x10000000 - 0x10048000 	C:\Windows\SysWOW64\guard32.dll
0x73ce0000 - 0x73ce9000 	C:\Windows\system32\VERSION.dll
0x73cd0000 - 0x73cd7000 	C:\Windows\system32\fltlib.dll
0x7c340000 - 0x7c396000 	C:\Program Files (x86)\Java\jre6\bin\msvcr71.dll
0x6d7f0000 - 0x6da96000 	C:\Program Files (x86)\Java\jre6\bin\client\jvm.dll
0x74bc0000 - 0x74bf2000 	C:\Windows\system32\WINMM.dll
0x73f30000 - 0x73f7b000 	C:\Windows\system32\apphelp.dll
0x6d7a0000 - 0x6d7ac000 	C:\Program Files (x86)\Java\jre6\bin\verify.dll
0x6d320000 - 0x6d33f000 	C:\Program Files (x86)\Java\jre6\bin\java.dll
0x6d280000 - 0x6d288000 	C:\Program Files (x86)\Java\jre6\bin\hpi.dll
0x775b0000 - 0x775b5000 	C:\Windows\syswow64\PSAPI.DLL
0x6d7e0000 - 0x6d7ef000 	C:\Program Files (x86)\Java\jre6\bin\zip.dll
0x6d000000 - 0x6d14a000 	C:\Program Files (x86)\Java\jre6\bin\awt.dll
0x74e50000 - 0x74ea1000 	C:\Windows\system32\WINSPOOL.DRV
0x75a70000 - 0x75bcc000 	C:\Windows\syswow64\ole32.dll
0x736e0000 - 0x7387e000 	C:\Windows\WinSxS\x86_microsoft.windows.common-controls_6595b64144ccf1df_6.0.7600.16661_none_420fe3fa2b8113bd\COMCTL32.dll
0x75f20000 - 0x75f77000 	C:\Windows\syswow64\SHLWAPI.dll
0x74c00000 - 0x74c13000 	C:\Windows\system32\DWMAPI.DLL
0x6d230000 - 0x6d27f000 	C:\Program Files (x86)\Java\jre6\bin\fontmanager.dll
0x72d20000 - 0x7301d000 	C:\Windows\system32\atiumdag.dll
0x72a40000 - 0x72d14000 	C:\Windows\system32\atiumdva.dll
0x76350000 - 0x76f99000 	C:\Windows\syswow64\shell32.dll
0x08c90000 - 0x08c9e000 	C:\Program Files (x86)\Java\jre6\bin\j3dcore-ogl-chk.dll
0x6d3b0000 - 0x6d478000 	C:\Windows\system32\OPENGL32.dll
0x6d520000 - 0x6d542000 	C:\Windows\system32\GLU32.dll
0x70dd0000 - 0x70eb7000 	C:\Windows\system32\DDRAW.dll
0x70dc0000 - 0x70dc6000 	C:\Windows\system32\DCIMAN32.dll
0x756c0000 - 0x7585d000 	C:\Windows\syswow64\SETUPAPI.dll
0x77060000 - 0x77087000 	C:\Windows\syswow64\CFGMGR32.dll
0x76fa0000 - 0x7702f000 	C:\Windows\syswow64\OLEAUT32.dll
0x76080000 - 0x76092000 	C:\Windows\syswow64\DEVOBJ.dll
0x69030000 - 0x69b89000 	C:\Windows\system32\atioglxx.dll
0x755f0000 - 0x75625000 	C:\Windows\syswow64\WS2_32.dll
0x75860000 - 0x75866000 	C:\Windows\syswow64\NSI.dll
0x08de0000 - 0x08e0d000 	C:\Windows\system32\atiadlxy.dll
0x77030000 - 0x7705d000 	C:\Windows\syswow64\WINTRUST.dll
0x754c0000 - 0x755dc000 	C:\Windows\syswow64\CRYPT32.dll
0x75ca0000 - 0x75cac000 	C:\Windows\syswow64\MSASN1.dll
0x6d350000 - 0x6d356000 	C:\Program Files (x86)\Java\jre6\bin\jawt.dll
0x08f00000 - 0x08f29000 	C:\Program Files (x86)\Java\jre6\bin\j3dcore-ogl.dll
0x6d600000 - 0x6d613000 	C:\Program Files (x86)\Java\jre6\bin\net.dll
0x73c90000 - 0x73ccc000 	C:\Windows\system32\mswsock.dll
0x73390000 - 0x73396000 	C:\Windows\System32\wship6.dll
0x6d620000 - 0x6d629000 	C:\Program Files (x86)\Java\jre6\bin\nio.dll
0x09a30000 - 0x09a55000 	C:\Program Files (x86)\Java\jre6\bin\jpeg.dll
0x770b0000 - 0x77133000 	C:\Windows\syswow64\CLBCatQ.DLL
0x73440000 - 0x73535000 	C:\Windows\system32\propsys.dll
0x73be0000 - 0x73c01000 	C:\Windows\system32\ntmarta.dll
0x75c50000 - 0x75c95000 	C:\Windows\syswow64\WLDAP32.dll
0x0c1e0000 - 0x0c378000 	C:\Windows\system32\NetworkExplorer.dll
0x73e40000 - 0x73e6e000 	C:\Windows\System32\shdocvw.dll
0x738e0000 - 0x738eb000 	C:\Windows\system32\profapi.dll
0x73e70000 - 0x73e7a000 	C:\Windows\system32\slc.dll
0x6e520000 - 0x6e532000 	C:\Windows\system32\MPR.dll
0x729e0000 - 0x729e8000 	C:\Windows\System32\drprov.dll
0x73880000 - 0x738a9000 	C:\Windows\System32\WINSTA.dll
0x6e420000 - 0x6e434000 	C:\Windows\System32\ntlanman.dll
0x6d500000 - 0x6d516000 	C:\Windows\System32\davclnt.dll
0x6e510000 - 0x6e518000 	C:\Windows\System32\DAVHLPR.dll
0x6edc0000 - 0x6edcf000 	C:\Windows\system32\wkscli.dll
0x73e80000 - 0x73e8b000 	C:\Windows\system32\cscapi.dll
0x6edb0000 - 0x6edb9000 	C:\Windows\system32\netutils.dll
0x0c540000 - 0x0c5c9000 	C:\Windows\system32\PortableDeviceApi.dll
0x6d2f0000 - 0x6d312000 	C:\Windows\system32\EhStorAPI.dll
0x73e90000 - 0x73e99000 	C:\Windows\system32\LINKINFO.dll
0x74c30000 - 0x74df3000 	C:\Windows\system32\d3d9.dll
0x74c20000 - 0x74c26000 	C:\Windows\system32\d3d8thk.dll

VM Arguments:
jvm_args: -Dfile.encoding=Cp1252 
java_command: Gui.MainFrame
Launcher Type: SUN_STANDARD

Environment Variables:
PATH=C:/Program Files/Java/jre6/bin/server;C:/Program Files/Java/jre6/bin;C:/Program Files/Java/jre6/lib/amd64;C:\Program Files\Java\jre6\bin;C:\Program Files (x86)\PC Connectivity Solution\;C:\Windows\system32;C:\Windows;C:\Windows\System32\Wbem;C:\Windows\System32\WindowsPowerShell\v1.0\;C:\Program Files (x86)\ATI Technologies\ATI.ACE\Core-Static;C:\Program Files (x86)\QuickTime Alternative\QTSystem
USERNAME=Johannes
OS=Windows_NT
PROCESSOR_IDENTIFIER=Intel64 Family 6 Model 23 Stepping 6, GenuineIntel



---------------  S Y S T E M  ---------------

OS: Windows 7 Build 7600 

CPU:total 2 (2 cores per cpu, 1 threads per core) family 6 model 23 stepping 6, cmov, cx8, fxsr, mmx, sse, sse2, sse3, ssse3, sse4.1

Memory: 4k page, physical 4122652k(1748592k free), swap 8243408k(5296192k free)

vm_info: Java HotSpot(TM) Client VM (19.1-b02) for windows-x86 JRE (1.6.0_24-b07), built on Feb  2 2011 17:44:41 by "java_re" with MS VC++ 7.1 (VS2003)

time: Mon Mar 28 06:29:00 2011
elapsed time: 234 seconds

